c:\repos\multi-demo-01\multi-demo-01\multi-demo-01\debug\vc142.pdb
c:\repos\multi-demo-01\multi-demo-01\multi-demo-01\debug\vc142.idb
c:\repos\uni\multi-demo-01\multi-demo-01\multi-demo-01\debug\vc142.pdb
c:\repos\uni\multi-demo-01\multi-demo-01\multi-demo-01\debug\vc142.idb
c:\repos\uni\multi-demo-01\multi-demo-01\multi-demo-01\debug\threads-demo.obj
c:\repos\uni\multi-demo-01\multi-demo-01\multi-demo-01\debug\shared-private.obj
c:\repos\uni\multi-demo-01\multi-demo-01\multi-demo-01\debug\for-vector.obj
c:\repos\uni\multi-demo-01\multi-demo-01\multi-demo-01\debug\entry.obj
c:\repos\uni\multi-demo-01\multi-demo-01\multi-demo-01\debug\for-loop-demo.obj
c:\repos\uni\multi-demo-01\multi-demo-01\debug\multi-demo-01.exe
c:\repos\uni\multi-demo-01\multi-demo-01\multi-demo-01\debug\multi-demo-01.ilk
c:\repos\uni\multi-demo-01\multi-demo-01\debug\multi-demo-01.pdb
c:\repos\uni\multi-demo-01\multi-demo-01\multi-demo-01\debug\forvector.obj
c:\repos\uni\multi-demo-01\multi-demo-01\multi-demo-01\debug\multi-demo-01.obj
c:\repos\uni\multi-demo-01\multi-demo-01\multi-demo-01\debug\multi-demo-02.obj
c:\repos\uni\multi-demo-01\multi-demo-01\multi-demo-01\debug\sharedprivate.obj
c:\repos\uni\multi-demo-01\multi-demo-01\multi-demo-01\debug\multi-demo-01.tlog\cl.command.1.tlog
c:\repos\uni\multi-demo-01\multi-demo-01\multi-demo-01\debug\multi-demo-01.tlog\cl.read.1.tlog
c:\repos\uni\multi-demo-01\multi-demo-01\multi-demo-01\debug\multi-demo-01.tlog\cl.write.1.tlog
c:\repos\uni\multi-demo-01\multi-demo-01\multi-demo-01\debug\multi-demo-01.tlog\link.18288.read.1.tlog
c:\repos\uni\multi-demo-01\multi-demo-01\multi-demo-01\debug\multi-demo-01.tlog\link.18288.write.1.tlog
c:\repos\uni\multi-demo-01\multi-demo-01\multi-demo-01\debug\multi-demo-01.tlog\link.command.1.tlog
c:\repos\uni\multi-demo-01\multi-demo-01\multi-demo-01\debug\multi-demo-01.tlog\link.read.1.tlog
c:\repos\uni\multi-demo-01\multi-demo-01\multi-demo-01\debug\multi-demo-01.tlog\link.write.1.tlog
